  clearScreen.cpp
  fileBinary.cpp
  gameCheck.cpp
  gameSettings.cpp
  init_gameBoard.cpp
D:\thực hành ktlt\đồ án 2048\đồ án 2048 - 23120157 - Nguyễn Hữu Phúc\Resources\game2048-VS\Project1\init_gameBoard.cpp(7,12): warning C4244: 'argument': conversion from 'time_t' to 'unsigned int', possible loss of data
  introduction.cpp
  main.cpp
  addTile.cpp
D:\thực hành ktlt\đồ án 2048\đồ án 2048 - 23120157 - Nguyễn Hữu Phúc\Resources\game2048-VS\Project1\addTile.cpp(15,12): warning C4244: 'argument': conversion from 'time_t' to 'unsigned int', possible loss of data
  moveGame.cpp
  playGame.cpp
  resumeGame.cpp
D:\thực hành ktlt\đồ án 2048\đồ án 2048 - 23120157 - Nguyễn Hữu Phúc\Resources\game2048-VS\Project1\resumeGame.cpp(118,9): warning C4101: 'keyw': unreferenced local variable
  setColor.cpp
  showGame.cpp
D:\thực hành ktlt\đồ án 2048\đồ án 2048 - 23120157 - Nguyễn Hữu Phúc\Resources\game2048-VS\Project1\showGame.cpp(157,20): warning C4244: 'argument': conversion from 'double' to 'int', possible loss of data
D:\thực hành ktlt\đồ án 2048\đồ án 2048 - 23120157 - Nguyễn Hữu Phúc\Resources\game2048-VS\Project1\showGame.cpp(157,11): warning C4244: 'argument': conversion from 'double' to 'int', possible loss of data
  _stack.cpp
  Generating Code...
  Project1.vcxproj -> D:\thực hành ktlt\đồ án 2048\đồ án 2048 - 23120157 - Nguyễn Hữu Phúc\Resources\game2048-VS\x64\Debug\Project1.exe
  'pwsh.exe' is not recognized as an internal or external command,
  operable program or batch file.
